<?xml version="1.0" encoding="UTF-8"?>
<!-- Generated by org.testng.reporters.JUnitXMLReporter -->
<testsuite ignored="3" hostname="DESKTOP-ROLOOPG" failures="0" tests="1" name="Default test" time="94.927" errors="0" timestamp="2024-06-13T17:24:44 CDT">
  <testcase classname="automationScript.CartTest" name="TotalAmountValidateTC7" time="94.168"/>
  <testcase classname="automationScript.CartTest" name="BackBtnTestTC9" time="0.0">
    <ignored/>
  </testcase> <!-- BackBtnTestTC9 -->
  <testcase classname="automationScript.CartTest" name="ProductNamesInCartTC6" time="0.0">
    <ignored/>
  </testcase> <!-- ProductNamesInCartTC6 -->
  <testcase classname="automationScript.CartTest" name="TermsOfConditionsTC8" time="0.0">
    <ignored/>
  </testcase> <!-- TermsOfConditionsTC8 -->
</testsuite> <!-- Default test -->
