<?xml version="1.0" encoding="UTF-8"?>
<testng-results ignored="0" total="1" passed="1" failed="0" skipped="0">
  <reporter-output>
  </reporter-output>
  <suite started-at="2024-06-13T17:23:09 CDT" name="Default suite" finished-at="2024-06-13T17:24:44 CDT" duration-ms="94927">
    <groups>
    </groups>
    <test started-at="2024-06-13T17:23:09 CDT" name="Default test" finished-at="2024-06-13T17:24:44 CDT" duration-ms="94927">
      <class name="automationScript.CartTest">
        <test-method is-config="true" signature="startServer()[pri:0, instance:automationScript.CartTest@c35172e]" started-at="2024-06-13T17:23:06 CDT" name="startServer" finished-at="2024-06-13T17:23:09 CDT" duration-ms="2751" status="PASS">
          <reporter-output>
          </reporter-output>
        </test-method> <!-- startServer -->
        <test-method signature="TotalAmountValidateTC7()[pri:0, instance:automationScript.CartTest@c35172e]" started-at="2024-06-13T17:23:09 CDT" name="TotalAmountValidateTC7" finished-at="2024-06-13T17:24:43 CDT" duration-ms="94168" status="PASS">
          <reporter-output>
          </reporter-output>
        </test-method> <!-- TotalAmountValidateTC7 -->
        <test-method is-config="true" signature="teardown()[pri:0, instance:automationScript.CartTest@c35172e]" started-at="2024-06-13T17:24:43 CDT" name="teardown" finished-at="2024-06-13T17:24:44 CDT" duration-ms="576" status="PASS">
          <reporter-output>
          </reporter-output>
        </test-method> <!-- teardown -->
        <test-method is-config="true" signature="stopServer()[pri:0, instance:automationScript.CartTest@c35172e]" started-at="2024-06-13T17:24:45 CDT" name="stopServer" finished-at="2024-06-13T17:24:45 CDT" duration-ms="674" status="PASS">
          <reporter-output>
          </reporter-output>
        </test-method> <!-- stopServer -->
      </class> <!-- automationScript.CartTest -->
    </test> <!-- Default test -->
  </suite> <!-- Default suite -->
</testng-results>
